0 info it worked if it ends with ok
1 verbose cli [ 'node', '/usr/local/bin/npm', 'run', 'lint' ]
2 info using npm@1.4.14
3 info using node@v0.10.29
4 verbose run-script [ 'prelint', 'lint', 'postlint' ]
5 info prelint panthrMath@0.0.1
6 info lint panthrMath@0.0.1
7 verbose unsafe-perm in lifecycle true
8 info panthrMath@0.0.1 Failed to exec lint script
9 error panthrMath@0.0.1 lint: `eslint .`
9 error Exit status 1
10 error Failed at the panthrMath@0.0.1 lint script.
10 error This is most likely a problem with the panthrMath package,
10 error not with npm itself.
10 error Tell the author that this fails on your system:
10 error     eslint .
10 error You can get their info via:
10 error     npm owner ls panthrMath
10 error There is likely additional logging output above.
11 error System Darwin 13.4.0
12 error command "node" "/usr/local/bin/npm" "run" "lint"
13 error cwd /Users/haris/Documents/Programming/PanthR-org-projects/panthrMath
14 error node -v v0.10.29
15 error npm -v 1.4.14
16 error code ELIFECYCLE
17 verbose exit [ 1, true ]
